<?xml version="1.0" encoding="UTF-8"?>
<!-- Generated by org.testng.reporters.JUnitReportReporter -->
<testsuite hostname="VINAY-PATIL" failures="0" tests="1" name="OrangeHRM.TestCases.test" time="28.078" errors="0" timestamp="2022-11-28T16:07:57 IST" skipped="0">
  <testcase classname="OrangeHRM.TestCases.test" name="Orangehrmtest" time="28.078"/>
  <system-out/>
</testsuite> <!-- OrangeHRM.TestCases.test -->
